#
# A fatal error has been detected by the Java Runtime Environment:
#
#  Internal Error (generateOopMap.cpp:2164), pid=100559, tid=100573
#  fatal error: Illegal class file encountered. Try running with -Xverify:all in method assingnmetC
#
# JRE version: OpenJDK Runtime Environment (11.0.11+9) (build 11.0.11+9-Ubuntu-0ubuntu2.20.04)
# Java VM: OpenJDK 64-Bit Server VM (11.0.11+9-Ubuntu-0ubuntu2.20.04, mixed mode, sharing, tiered, compressed oops, g1 gc, linux-amd64)
# Core dump will be written. Default location: Core dumps may be processed with "/usr/share/apport/apport %p %s %c %d %P %E" (or dumping to /home/smitha/eclipse-workspace/Axelerant/core.100559)
#
# If you would like to submit a bug report, please visit:
#   https://bugs.launchpad.net/ubuntu/+source/openjdk-lts
#

---------------  S U M M A R Y ------------

Command Line: -agentlib:jdwp=transport=dt_socket,suspend=y,address=localhost:37335 -ea -Dfile.encoding=UTF-8 org.testng.remote.RemoteTestNG -serport 32855 -protocol json -d /home/smitha/eclipse-workspace/Axelerant/test-output /tmp/testng-eclipse-162354778/testng-customsuite.xml

Host: Intel(R) Core(TM) i7-3520M CPU @ 2.90GHz, 4 cores, 3G, Ubuntu 20.04.1 LTS
Time: Sun Jul 11 12:57:44 2021 IST elapsed time: 1392.606119 seconds (0d 0h 23m 12s)

---------------  T H R E A D  ---------------

Current thread (0x00007fd4340b9000):  VMThread "VM Thread" [stack: 0x00007fd4147d4000,0x00007fd4148d4000] [id=100573]

Stack: [0x00007fd4147d4000,0x00007fd4148d4000],  sp=0x00007fd4148d1c90,  free space=1015k
Native frames: (J=compiled Java code, A=aot compiled Java code, j=interpreted, Vv=VM code, C=native code)
V  [libjvm.so+0xe8acba]
V  [libjvm.so+0xe8b965]
V  [libjvm.so+0x66bf0f]
V  [libjvm.so+0x7c8722]
V  [libjvm.so+0x7c87cb]
V  [libjvm.so+0x7cbb83]
V  [libjvm.so+0x7cda43]
V  [libjvm.so+0x7cf4d4]
V  [libjvm.so+0x7cf7a3]
V  [libjvm.so+0xbc2d64]
V  [libjvm.so+0xbc3a5b]
V  [libjvm.so+0xbc3f6b]
V  [libjvm.so+0xb64ade]
V  [libjvm.so+0x9f1f0e]
V  [libjvm.so+0xe8d560]
V  [libjvm.so+0xe93507]
V  [libjvm.so+0xe93b40]
V  [libjvm.so+0xe93ea6]
V  [libjvm.so+0xe1d690]
V  [libjvm.so+0xbdac76]

VM_Operation (0x00007fd3f7af9950): GetOrSetLocal, mode: safepoint, requested by thread 0x00007fd434111000


---------------  P R O C E S S  ---------------

Threads class SMR info:
_java_thread_list=0x00005572283cae30, length=19, elements={
0x00007fd434018000, 0x00007fd4340bc000, 0x00007fd4340be000, 0x00007fd4340c3800,
0x00007fd4340c5800, 0x00007fd4340c8000, 0x00007fd4340ca000, 0x00007fd4340cc000,
0x00007fd434111000, 0x00007fd434114800, 0x00007fd3d8001800, 0x00007fd43411b000,
0x00007fd43436f800, 0x00007fd3c4002000, 0x00007fd4346bb000, 0x00007fd3b400b000,
0x00007fd3b400f000, 0x00007fd3b400f800, 0x00007fd43479c000
}

Java Threads: ( => current thread )
  0x00007fd434018000 JavaThread "main" [_thread_blocked, id=100567, stack(0x00007fd439b9c000,0x00007fd439c9d000)]
  0x00007fd4340bc000 JavaThread "Reference Handler" daemon [_thread_blocked, id=100574, stack(0x00007fd4146d1000,0x00007fd4147d2000)]
  0x00007fd4340be000 JavaThread "Finalizer" daemon [_thread_blocked, id=100575, stack(0x00007fd4145d0000,0x00007fd4146d1000)]
  0x00007fd4340c3800 JavaThread "Signal Dispatcher" daemon [_thread_blocked, id=100576, stack(0x00007fd3f7eff000,0x00007fd3f8000000)]
  0x00007fd4340c5800 JavaThread "Service Thread" daemon [_thread_blocked, id=100577, stack(0x00007fd3f7dfe000,0x00007fd3f7eff000)]
  0x00007fd4340c8000 JavaThread "C2 CompilerThread0" daemon [_thread_blocked, id=100578, stack(0x00007fd3f7cfd000,0x00007fd3f7dfe000)]
  0x00007fd4340ca000 JavaThread "C1 CompilerThread0" daemon [_thread_blocked, id=100579, stack(0x00007fd3f7bfc000,0x00007fd3f7cfd000)]
  0x00007fd4340cc000 JavaThread "Sweeper thread" daemon [_thread_blocked, id=100580, stack(0x00007fd3f7afb000,0x00007fd3f7bfc000)]
  0x00007fd434111000 JavaThread "JDWP Transport Listener: dt_socket" daemon [_thread_blocked, id=100582, stack(0x00007fd3f79fa000,0x00007fd3f7afb000)] _threads_hazard_ptr=0x00005572283cae30
  0x00007fd434114800 JavaThread "JDWP Event Helper Thread" daemon [_thread_blocked, id=100585, stack(0x00007fd3f78f9000,0x00007fd3f79fa000)]
  0x00007fd3d8001800 JavaThread "JDWP Command Reader" daemon [_thread_in_native, id=100586, stack(0x00007fd3f77f8000,0x00007fd3f78f9000)]
  0x00007fd43411b000 JavaThread "Common-Cleaner" daemon [_thread_blocked, id=100589, stack(0x00007fd3f75f5000,0x00007fd3f76f6000)]
  0x00007fd43436f800 JavaThread "ReaderThread" [_thread_in_native, id=100592, stack(0x00007fd3f73f2000,0x00007fd3f74f3000)]
  0x00007fd3c4002000 JavaThread "ForkJoinPool.commonPool-worker-5" daemon [_thread_blocked, id=100602, stack(0x00007fd3f71f0000,0x00007fd3f72f1000)]
  0x00007fd4346bb000 JavaThread "Exec Default Executor" daemon [_thread_blocked, id=100605, stack(0x00007fd3f6ab9000,0x00007fd3f6bba000)]
  0x00007fd3b400b000 JavaThread "process reaper" daemon [_thread_in_native, id=100608, stack(0x00007fd3f6996000,0x00007fd3f69b8000)]
  0x00007fd3b400f000 JavaThread "Exec Stream Pumper" daemon [_thread_in_native, id=100609, stack(0x00007fd3f6895000,0x00007fd3f6996000)]
  0x00007fd3b400f800 JavaThread "Exec Stream Pumper" daemon [_thread_in_native, id=100610, stack(0x00007fd3f6794000,0x00007fd3f6895000)]
  0x00007fd43479c000 JavaThread "Okio Watchdog" daemon [_thread_blocked, id=100619, stack(0x00007fd3f6291000,0x00007fd3f6392000)]

Other Threads:
=>0x00007fd4340b9000 VMThread "VM Thread" [stack: 0x00007fd4147d4000,0x00007fd4148d4000] [id=100573]
  0x00007fd434117000 WatcherThread [stack: 0x00007fd3f76f8000,0x00007fd3f77f8000] [id=100588]
  0x00007fd43402f800 GCTaskThread "GC Thread#0" [stack: 0x00007fd43980f000,0x00007fd43990f000] [id=100568]
  0x00007fd404001000 GCTaskThread "GC Thread#1" [stack: 0x00007fd3f74f5000,0x00007fd3f75f5000] [id=100590]
  0x00007fd404003800 GCTaskThread "GC Thread#2" [stack: 0x00007fd3f6ebe000,0x00007fd3f6fbe000] [id=100603]
  0x00007fd404005000 GCTaskThread "GC Thread#3" [stack: 0x00007fd3f6dbc000,0x00007fd3f6ebc000] [id=100604]
  0x00007fd434049000 ConcurrentGCThread "G1 Main Marker" [stack: 0x00007fd41c778000,0x00007fd41c878000] [id=100569]
  0x00007fd43404b000 ConcurrentGCThread "G1 Conc#0" [stack: 0x00007fd41c676000,0x00007fd41c776000] [id=100570]
  0x00007fd43408b800 ConcurrentGCThread "G1 Refine#0" [stack: 0x00007fd41c170000,0x00007fd41c270000] [id=100571]
  0x00007fd43408d000 ConcurrentGCThread "G1 Young RemSet Sampling" [stack: 0x00007fd41c06e000,0x00007fd41c16e000] [id=100572]

Threads with active compile tasks:

VM state:at safepoint (normal execution)

VM Mutex/Monitor currently owned by a thread:  ([mutex/lock_event])
[0x00007fd434014860] Threads_lock - owner thread: 0x00007fd4340b9000

Heap address: 0x00000000c6c00000, size: 916 MB, Compressed Oops mode: 32-bit
Narrow klass base: 0x0000000800000000, Narrow klass shift: 3
Compressed class space size: 1073741824 Address: 0x0000000840000000

Heap:
 garbage-first heap   total 61440K, used 28949K [0x00000000c6c00000, 0x0000000100000000)
  region size 1024K, 21 young (21504K), 4 survivors (4096K)
 Metaspace       used 15576K, capacity 16316K, committed 16512K, reserved 1062912K
  class space    used 1876K, capacity 2145K, committed 2176K, reserved 1048576K
Heap Regions: E=young(eden), S=young(survivor), O=old, HS=humongous(starts), HC=humongous(continues), CS=collection set, F=free, A=archive, TAMS=top-at-mark-start (previous, next)
|   0|0x00000000c6c00000, 0x00000000c6d00000, 0x00000000c6d00000|100%|HS|  |TAMS 0x00000000c6c00000, 0x00000000c6c00000| Complete 
|   1|0x00000000c6d00000, 0x00000000c6e00000, 0x00000000c6e00000|100%|HS|  |TAMS 0x00000000c6d00000, 0x00000000c6d00000| Complete 
|   2|0x00000000c6e00000, 0x00000000c6f00000, 0x00000000c6f00000|100%|HC|  |TAMS 0x00000000c6e00000, 0x00000000c6e00000| Complete 
|   3|0x00000000c6f00000, 0x00000000c7000000, 0x00000000c7000000|100%|HC|  |TAMS 0x00000000c6f00000, 0x00000000c6f00000| Complete 
|   4|0x00000000c7000000, 0x00000000c7093600, 0x00000000c7100000| 57%| O|  |TAMS 0x00000000c7000000, 0x00000000c7000000| Untracked 
|   5|0x00000000c7100000, 0x00000000c71ffff8, 0x00000000c7200000| 99%| O|  |TAMS 0x00000000c7100000, 0x00000000c7100000| Untracked 
|   6|0x00000000c7200000, 0x00000000c7300000, 0x00000000c7300000|100%| O|  |TAMS 0x00000000c7200000, 0x00000000c7200000| Untracked 
|   7|0x00000000c7300000, 0x00000000c7400000, 0x00000000c7400000|100%| O|  |TAMS 0x00000000c7300000, 0x00000000c7300000| Untracked 
|   8|0x00000000c7400000, 0x00000000c7400000, 0x00000000c7500000|  0%| F|  |TAMS 0x00000000c7400000, 0x00000000c7400000| Untracked 
|   9|0x00000000c7500000, 0x00000000c7500000, 0x00000000c7600000|  0%| F|  |TAMS 0x00000000c7500000, 0x00000000c7500000| Untracked 
|  10|0x00000000c7600000, 0x00000000c7600000, 0x00000000c7700000|  0%| F|  |TAMS 0x00000000c7600000, 0x00000000c7600000| Untracked 
|  11|0x00000000c7700000, 0x00000000c7700000, 0x00000000c7800000|  0%| F|  |TAMS 0x00000000c7700000, 0x00000000c7700000| Untracked 
|  12|0x00000000c7800000, 0x00000000c7800000, 0x00000000c7900000|  0%| F|  |TAMS 0x00000000c7800000, 0x00000000c7800000| Untracked 
|  13|0x00000000c7900000, 0x00000000c7900000, 0x00000000c7a00000|  0%| F|  |TAMS 0x00000000c7900000, 0x00000000c7900000| Untracked 
|  14|0x00000000c7a00000, 0x00000000c7a00000, 0x00000000c7b00000|  0%| F|  |TAMS 0x00000000c7a00000, 0x00000000c7a00000| Untracked 
|  15|0x00000000c7b00000, 0x00000000c7b00000, 0x00000000c7c00000|  0%| F|  |TAMS 0x00000000c7b00000, 0x00000000c7b00000| Untracked 
|  16|0x00000000c7c00000, 0x00000000c7c00000, 0x00000000c7d00000|  0%| F|  |TAMS 0x00000000c7c00000, 0x00000000c7c00000| Untracked 
|  17|0x00000000c7d00000, 0x00000000c7d00000, 0x00000000c7e00000|  0%| F|  |TAMS 0x00000000c7d00000, 0x00000000c7d00000| Untracked 
|  18|0x00000000c7e00000, 0x00000000c7e00000, 0x00000000c7f00000|  0%| F|  |TAMS 0x00000000c7e00000, 0x00000000c7e00000| Untracked 
|  19|0x00000000c7f00000, 0x00000000c7f00000, 0x00000000c8000000|  0%| F|  |TAMS 0x00000000c7f00000, 0x00000000c7f00000| Untracked 
|  20|0x00000000c8000000, 0x00000000c8000000, 0x00000000c8100000|  0%| F|  |TAMS 0x00000000c8000000, 0x00000000c8000000| Untracked 
|  21|0x00000000c8100000, 0x00000000c8100000, 0x00000000c8200000|  0%| F|  |TAMS 0x00000000c8100000, 0x00000000c8100000| Untracked 
|  22|0x00000000c8200000, 0x00000000c8200000, 0x00000000c8300000|  0%| F|  |TAMS 0x00000000c8200000, 0x00000000c8200000| Untracked 
|  23|0x00000000c8300000, 0x00000000c8300000, 0x00000000c8400000|  0%| F|  |TAMS 0x00000000c8300000, 0x00000000c8300000| Untracked 
|  24|0x00000000c8400000, 0x00000000c8500000, 0x00000000c8500000|100%| S|CS|TAMS 0x00000000c8400000, 0x00000000c8400000| Complete 
|  25|0x00000000c8500000, 0x00000000c8600000, 0x00000000c8600000|100%| S|CS|TAMS 0x00000000c8500000, 0x00000000c8500000| Complete 
|  26|0x00000000c8600000, 0x00000000c8700000, 0x00000000c8700000|100%| S|CS|TAMS 0x00000000c8600000, 0x00000000c8600000| Complete 
|  27|0x00000000c8700000, 0x00000000c8800000, 0x00000000c8800000|100%| S|CS|TAMS 0x00000000c8700000, 0x00000000c8700000| Complete 
|  28|0x00000000c8800000, 0x00000000c8800000, 0x00000000c8900000|  0%| F|  |TAMS 0x00000000c8800000, 0x00000000c8800000| Untracked 
|  29|0x00000000c8900000, 0x00000000c8900000, 0x00000000c8a00000|  0%| F|  |TAMS 0x00000000c8900000, 0x00000000c8900000| Untracked 
|  30|0x00000000c8a00000, 0x00000000c8a00000, 0x00000000c8b00000|  0%| F|  |TAMS 0x00000000c8a00000, 0x00000000c8a00000| Untracked 
|  31|0x00000000c8b00000, 0x00000000c8b00000, 0x00000000c8c00000|  0%| F|  |TAMS 0x00000000c8b00000, 0x00000000c8b00000| Untracked 
|  32|0x00000000c8c00000, 0x00000000c8c00000, 0x00000000c8d00000|  0%| F|  |TAMS 0x00000000c8c00000, 0x00000000c8c00000| Untracked 
|  33|0x00000000c8d00000, 0x00000000c8d00000, 0x00000000c8e00000|  0%| F|  |TAMS 0x00000000c8d00000, 0x00000000c8d00000| Untracked 
|  34|0x00000000c8e00000, 0x00000000c8e00000, 0x00000000c8f00000|  0%| F|  |TAMS 0x00000000c8e00000, 0x00000000c8e00000| Untracked 
|  35|0x00000000c8f00000, 0x00000000c8f00000, 0x00000000c9000000|  0%| F|  |TAMS 0x00000000c8f00000, 0x00000000c8f00000| Untracked 
|  36|0x00000000c9000000, 0x00000000c9000000, 0x00000000c9100000|  0%| F|  |TAMS 0x00000000c9000000, 0x00000000c9000000| Untracked 
|  37|0x00000000c9100000, 0x00000000c9100000, 0x00000000c9200000|  0%| F|  |TAMS 0x00000000c9100000, 0x00000000c9100000| Untracked 
|  38|0x00000000c9200000, 0x00000000c9200000, 0x00000000c9300000|  0%| F|  |TAMS 0x00000000c9200000, 0x00000000c9200000| Untracked 
|  39|0x00000000c9300000, 0x00000000c9300000, 0x00000000c9400000|  0%| F|  |TAMS 0x00000000c9300000, 0x00000000c9300000| Untracked 
|  40|0x00000000c9400000, 0x00000000c9400000, 0x00000000c9500000|  0%| F|  |TAMS 0x00000000c9400000, 0x00000000c9400000| Untracked 
|  41|0x00000000c9500000, 0x00000000c9600000, 0x00000000c9600000|100%| E|  |TAMS 0x00000000c9500000, 0x00000000c9500000| Complete 
|  42|0x00000000c9600000, 0x00000000c9700000, 0x00000000c9700000|100%| E|CS|TAMS 0x00000000c9600000, 0x00000000c9600000| Complete 
|  43|0x00000000c9700000, 0x00000000c9800000, 0x00000000c9800000|100%| E|CS|TAMS 0x00000000c9700000, 0x00000000c9700000| Complete 
|  44|0x00000000c9800000, 0x00000000c9900000, 0x00000000c9900000|100%| E|CS|TAMS 0x00000000c9800000, 0x00000000c9800000| Complete 
|  45|0x00000000c9900000, 0x00000000c9a00000, 0x00000000c9a00000|100%| E|CS|TAMS 0x00000000c9900000, 0x00000000c9900000| Complete 
|  46|0x00000000c9a00000, 0x00000000c9b00000, 0x00000000c9b00000|100%| E|CS|TAMS 0x00000000c9a00000, 0x00000000c9a00000| Complete 
|  47|0x00000000c9b00000, 0x00000000c9c00000, 0x00000000c9c00000|100%| E|CS|TAMS 0x00000000c9b00000, 0x00000000c9b00000| Complete 
|  48|0x00000000c9c00000, 0x00000000c9d00000, 0x00000000c9d00000|100%| E|CS|TAMS 0x00000000c9c00000, 0x00000000c9c00000| Complete 
|  49|0x00000000c9d00000, 0x00000000c9e00000, 0x00000000c9e00000|100%| E|CS|TAMS 0x00000000c9d00000, 0x00000000c9d00000| Complete 
|  50|0x00000000c9e00000, 0x00000000c9f00000, 0x00000000c9f00000|100%| E|CS|TAMS 0x00000000c9e00000, 0x00000000c9e00000| Complete 
|  51|0x00000000c9f00000, 0x00000000ca000000, 0x00000000ca000000|100%| E|CS|TAMS 0x00000000c9f00000, 0x00000000c9f00000| Complete 
|  52|0x00000000ca000000, 0x00000000ca100000, 0x00000000ca100000|100%| E|CS|TAMS 0x00000000ca000000, 0x00000000ca000000| Complete 
|  53|0x00000000ca100000, 0x00000000ca200000, 0x00000000ca200000|100%| E|CS|TAMS 0x00000000ca100000, 0x00000000ca100000| Complete 
|  54|0x00000000ca200000, 0x00000000ca300000, 0x00000000ca300000|100%| E|CS|TAMS 0x00000000ca200000, 0x00000000ca200000| Complete 
|  55|0x00000000ca300000, 0x00000000ca400000, 0x00000000ca400000|100%| E|CS|TAMS 0x00000000ca300000, 0x00000000ca300000| Complete 
|  56|0x00000000ca400000, 0x00000000ca500000, 0x00000000ca500000|100%| E|CS|TAMS 0x00000000ca400000, 0x00000000ca400000| Complete 
|  57|0x00000000ca500000, 0x00000000ca600000, 0x00000000ca600000|100%| E|CS|TAMS 0x00000000ca500000, 0x00000000ca500000| Complete 
| 914|0x00000000ffe00000, 0x00000000ffe47000, 0x00000000fff00000| 27%|OA|  |TAMS 0x00000000ffe00000, 0x00000000ffe00000| Untracked 
| 915|0x00000000fff00000, 0x00000000fff6b000, 0x0000000100000000| 41%|CA|  |TAMS 0x00000000fff00000, 0x00000000fff00000| Untracked 

Card table byte_map: [0x00007fd439075000,0x00007fd43923f000] _byte_map_base: 0x00007fd438a3f000

Marking Bits (Prev, Next): (CMBitMap*) 0x00007fd434044b38, (CMBitMap*) 0x00007fd434044b70
 Prev Bits: [0x00007fd43805b000, 0x00007fd438eab000)
 Next Bits: [0x00007fd4171b0000, 0x00007fd418000000)

Polling page: 0x00007fd439b58000

Metaspace:

Usage:
  Non-class:     13.84 MB capacity,    13.38 MB ( 97%) used,   403.87 KB (  3%) free+waste,    67.25 KB ( <1%) overhead. 
      Class:      2.09 MB capacity,     1.83 MB ( 87%) used,   234.97 KB ( 11%) free+waste,    33.81 KB (  2%) overhead. 
       Both:     15.93 MB capacity,    15.21 MB ( 95%) used,   638.84 KB (  4%) free+waste,   101.06 KB ( <1%) overhead. 

Virtual space:
  Non-class space:       14.00 MB reserved,      14.00 MB (100%) committed 
      Class space:        1.00 GB reserved,       2.12 MB ( <1%) committed 
             Both:        1.01 GB reserved,      16.12 MB (  2%) committed 

Chunk freelists:
   Non-Class:  25.00 KB
       Class:  0 bytes
        Both:  25.00 KB

MaxMetaspaceSize: unlimited
CompressedClassSpaceSize: 1.00 GB

CodeHeap 'non-profiled nmethods': size=120032Kb used=662Kb max_used=662Kb free=119369Kb
 bounds [0x00007fd424340000, 0x00007fd4245b0000, 0x00007fd42b878000]
CodeHeap 'profiled nmethods': size=120032Kb used=3956Kb max_used=3956Kb free=116075Kb
 bounds [0x00007fd41ce08000, 0x00007fd41d1e8000, 0x00007fd424340000]
CodeHeap 'non-nmethods': size=5696Kb used=1216Kb max_used=1231Kb free=4479Kb
 bounds [0x00007fd41c878000, 0x00007fd41cae8000, 0x00007fd41ce08000]
 total_blobs=2425 nmethods=1933 adapters=412
 compilation: enabled
              stopped_count=0, restarted_count=0
 full_count=0

Compilation events (20 events):
Event: 12.221 Thread 0x00007fd4340ca000 nmethod 1924 0x00007fd41d1dfd10 code [0x00007fd41d1dfec0, 0x00007fd41d1e0010]
Event: 12.221 Thread 0x00007fd4340ca000 1921       1       com.google.common.collect.SingletonImmutableList::size (2 bytes)
Event: 12.221 Thread 0x00007fd4340ca000 nmethod 1921 0x00007fd4243e4c90 code [0x00007fd4243e4e40, 0x00007fd4243e4f10]
Event: 12.222 Thread 0x00007fd4340c8000 nmethod 1918 0x00007fd4243e4f90 code [0x00007fd4243e5140, 0x00007fd4243e5268]
Event: 12.222 Thread 0x00007fd4340ca000 1925       3       okio.RealBufferedSink::writeUtf8 (31 bytes)
Event: 12.223 Thread 0x00007fd4340ca000 nmethod 1925 0x00007fd41d1e0110 code [0x00007fd41d1e0320, 0x00007fd41d1e0780]
Event: 12.223 Thread 0x00007fd4340ca000 1926       3       okio.Buffer::writeUtf8 (11 bytes)
Event: 12.223 Thread 0x00007fd4340ca000 nmethod 1926 0x00007fd41d1e0990 code [0x00007fd41d1e0b60, 0x00007fd41d1e0dc0]
Event: 12.236 Thread 0x00007fd4340ca000 1927       3       java.util.Formatter$Flags::<init> (10 bytes)
Event: 12.236 Thread 0x00007fd4340ca000 nmethod 1927 0x00007fd41d1e0f10 code [0x00007fd41d1e10c0, 0x00007fd41d1e1230]
Event: 12.237 Thread 0x00007fd4340ca000 1928       3       sun.util.locale.provider.LocaleProviderAdapter::getAdapter (177 bytes)
Event: 12.240 Thread 0x00007fd4340ca000 nmethod 1928 0x00007fd41d1e1310 code [0x00007fd41d1e1660, 0x00007fd41d1e2c80]
Event: 12.240 Thread 0x00007fd4340ca000 1931       3       java.util.regex.Matcher::end (22 bytes)
Event: 12.240 Thread 0x00007fd4340ca000 nmethod 1931 0x00007fd41d1e3410 code [0x00007fd41d1e35e0, 0x00007fd41d1e3820]
Event: 12.240 Thread 0x00007fd4340ca000 1929       3       java.util.Locale::getUnicodeLocaleType (54 bytes)
Event: 12.241 Thread 0x00007fd4340ca000 nmethod 1929 0x00007fd41d1e3910 code [0x00007fd41d1e3bc0, 0x00007fd41d1e47d0]
Event: 12.241 Thread 0x00007fd4340ca000 1932       3       java.util.regex.Pattern$LastNode::match (45 bytes)
Event: 12.242 Thread 0x00007fd4340ca000 nmethod 1932 0x00007fd41d1e4c10 code [0x00007fd41d1e4dc0, 0x00007fd41d1e4fd0]
Event: 12.242 Thread 0x00007fd4340ca000 1930       1       java.text.DecimalFormatSymbols::getZeroDigit (5 bytes)
Event: 12.242 Thread 0x00007fd4340ca000 nmethod 1930 0x00007fd4243e5390 code [0x00007fd4243e5540, 0x00007fd4243e5610]

GC Heap History (4 events):
Event: 0.555 GC heap before
{Heap before GC invocations=0 (full 0):
 garbage-first heap   total 61440K, used 19144K [0x00000000c6c00000, 0x0000000100000000)
  region size 1024K, 14 young (14336K), 0 survivors (0K)
 Metaspace       used 1792K, capacity 5106K, committed 5376K, reserved 1056768K
  class space    used 178K, capacity 467K, committed 512K, reserved 1048576K
}
Event: 0.567 GC heap after
{Heap after GC invocations=1 (full 0):
 garbage-first heap   total 61440K, used 9331K [0x00000000c6c00000, 0x0000000100000000)
  region size 1024K, 2 young (2048K), 2 survivors (2048K)
 Metaspace       used 1792K, capacity 5106K, committed 5376K, reserved 1056768K
  class space    used 178K, capacity 467K, committed 512K, reserved 1048576K
}
Event: 1.620 GC heap before
{Heap before GC invocations=1 (full 0):
 garbage-first heap   total 61440K, used 38003K [0x00000000c6c00000, 0x0000000100000000)
  region size 1024K, 30 young (30720K), 2 survivors (2048K)
 Metaspace       used 11063K, capacity 11453K, committed 11776K, reserved 1058816K
  class space    used 1274K, capacity 1417K, committed 1536K, reserved 1048576K
}
Event: 1.631 GC heap after
{Heap after GC invocations=2 (full 0):
 garbage-first heap   total 61440K, used 12565K [0x00000000c6c00000, 0x0000000100000000)
  region size 1024K, 4 young (4096K), 4 survivors (4096K)
 Metaspace       used 11063K, capacity 11453K, committed 11776K, reserved 1058816K
  class space    used 1274K, capacity 1417K, committed 1536K, reserved 1048576K
}

Deoptimization events (20 events):
Event: 4.826 Thread 0x00007fd434018000 DEOPT PACKING pc=0x00007fd4243cdcec sp=0x00007fd439c99730
Event: 4.826 Thread 0x00007fd434018000 DEOPT UNPACKING pc=0x00007fd41c8ae425 sp=0x00007fd439c99728 mode 2
Event: 4.826 Thread 0x00007fd434018000 Uncommon trap: trap_request=0xffffffde fr.pc=0x00007fd4243cdcec relative=0x000000000000084c
Event: 4.826 Thread 0x00007fd434018000 Uncommon trap: reason=class_check action=maybe_recompile pc=0x00007fd4243cdcec method=org.openqa.selenium.json.Input.init()V @ 18 c2
Event: 4.826 Thread 0x00007fd434018000 DEOPT PACKING pc=0x00007fd4243cdcec sp=0x00007fd439c992d0
Event: 4.826 Thread 0x00007fd434018000 DEOPT UNPACKING pc=0x00007fd41c8ae425 sp=0x00007fd439c992c8 mode 2
Event: 4.826 Thread 0x00007fd434018000 Uncommon trap: trap_request=0xffffffde fr.pc=0x00007fd4243cdcec relative=0x000000000000084c
Event: 4.826 Thread 0x00007fd434018000 Uncommon trap: reason=class_check action=maybe_recompile pc=0x00007fd4243cdcec method=org.openqa.selenium.json.Input.init()V @ 18 c2
Event: 4.826 Thread 0x00007fd434018000 DEOPT PACKING pc=0x00007fd4243cdcec sp=0x00007fd439c98d00
Event: 4.826 Thread 0x00007fd434018000 DEOPT UNPACKING pc=0x00007fd41c8ae425 sp=0x00007fd439c98cf8 mode 2
Event: 4.826 Thread 0x00007fd434018000 Uncommon trap: trap_request=0xffffffde fr.pc=0x00007fd4243cdcec relative=0x000000000000084c
Event: 4.826 Thread 0x00007fd434018000 Uncommon trap: reason=class_check action=maybe_recompile pc=0x00007fd4243cdcec method=org.openqa.selenium.json.Input.init()V @ 18 c2
Event: 4.826 Thread 0x00007fd434018000 DEOPT PACKING pc=0x00007fd4243cdcec sp=0x00007fd439c98d00
Event: 4.826 Thread 0x00007fd434018000 DEOPT UNPACKING pc=0x00007fd41c8ae425 sp=0x00007fd439c98cf8 mode 2
Event: 4.894 Thread 0x00007fd434018000 Uncommon trap: trap_request=0xffffff4d fr.pc=0x00007fd4243af000 relative=0x00000000000013c0
Event: 4.894 Thread 0x00007fd434018000 Uncommon trap: reason=unstable_if action=reinterpret pc=0x00007fd4243af000 method=java.util.concurrent.ConcurrentHashMap.putVal(Ljava/lang/Object;Ljava/lang/Object;Z)Ljava/lang/Object; @ 256 c2
Event: 4.894 Thread 0x00007fd434018000 DEOPT PACKING pc=0x00007fd4243af000 sp=0x00007fd439c995c0
Event: 4.894 Thread 0x00007fd434018000 DEOPT UNPACKING pc=0x00007fd41c8ae425 sp=0x00007fd439c99568 mode 2
Event: 10.023 Thread 0x00007fd434018000 DEOPT PACKING pc=0x00007fd41d0a434c sp=0x00007fd439c9a520
Event: 10.023 Thread 0x00007fd434018000 DEOPT UNPACKING pc=0x00007fd41c8aebca sp=0x00007fd439c99a48 mode 1

Classes redefined (5 events):
Event: 76.469 Thread 0x00007fd4340b9000 redefined class name=axelerantPages.AccountOverViewPage, count=1
Event: 110.189 Thread 0x00007fd4340b9000 redefined class name=Test.Axelerant, count=1
Event: 1329.070 Thread 0x00007fd4340b9000 redefined class name=axelerantPages.AccountDetailPage, count=1
Event: 1334.064 Thread 0x00007fd4340b9000 redefined class name=Test.Axelerant, count=2
Event: 1383.401 Thread 0x00007fd4340b9000 redefined class name=Test.Axelerant, count=3

Internal exceptions (20 events):
Event: 1.849 Thread 0x00007fd434018000 Exception <a 'java/lang/NoSuchMethodError'{0x00000000ca02a490}: 'double java.lang.invoke.DirectMethodHandle$Holder.invokeVirtual(java.lang.Object, java.lang.Object)'> (0x00000000ca02a490) thrown at [src/hotspot/share/interpreter/linkResolver.cpp, line 772]
Event: 1.850 Thread 0x00007fd434018000 Exception <a 'java/lang/NoSuchMethodError'{0x00000000ca030090}: 'float java.lang.invoke.DirectMethodHandle$Holder.invokeVirtual(java.lang.Object, java.lang.Object)'> (0x00000000ca030090) thrown at [src/hotspot/share/interpreter/linkResolver.cpp, line 772]
Event: 1.851 Thread 0x00007fd434018000 Exception <a 'java/lang/NoSuchMethodError'{0x00000000ca038378}: 'long java.lang.invoke.DirectMethodHandle$Holder.invokeVirtual(java.lang.Object, java.lang.Object)'> (0x00000000ca038378) thrown at [src/hotspot/share/interpreter/linkResolver.cpp, line 772]
Event: 1.888 Thread 0x00007fd434018000 Exception <a 'java/lang/NoSuchMethodError'{0x00000000c9f78a68}: 'void java.lang.invoke.DirectMethodHandle$Holder.invokeSpecial(java.lang.Object, java.lang.Object, java.lang.Object, java.lang.Object, java.lang.Object)'> (0x00000000c9f78a68) thrown at [src/hotspot/share/interpreter/linkResolver.cpp, line 772]
Event: 4.863 Thread 0x00007fd434018000 Exception <a 'java/lang/NoSuchMethodError'{0x00000000c986a7a0}: 'java.lang.Object java.lang.invoke.DirectMethodHandle$Holder.invokeSpecialIFC(java.lang.Object, java.lang.Object, java.lang.Object)'> (0x00000000c986a7a0) thrown at [src/hotspot/share/interpreter/linkResolver.cpp, line 772]
Event: 4.943 Thread 0x00007fd434018000 Exception <a 'java/lang/ClassNotFoundException'{0x00000000c97438e8}: sun/util/logging/resources/spi/loggingProvider> (0x00000000c97438e8) thrown at [src/hotspot/share/classfile/systemDictionary.cpp, line 231]
Event: 4.986 Thread 0x00007fd434018000 Exception <a 'java/net/SocketTimeoutException'{0x00000000c97c5158}: Read timed out> (0x00000000c97c5158) thrown at [src/hotspot/share/prims/jni.cpp, line 636]
Event: 10.057 Thread 0x00007fd434018000 Exception <a 'java/net/SocketTimeoutException'{0x00000000c965da18}: Read timed out> (0x00000000c965da18) thrown at [src/hotspot/share/prims/jni.cpp, line 636]
Event: 10.062 Thread 0x00007fd434018000 Exception <a 'java/net/SocketTimeoutException'{0x00000000c9670a50}: Read timed out> (0x00000000c9670a50) thrown at [src/hotspot/share/prims/jni.cpp, line 636]
Event: 10.095 Thread 0x00007fd434018000 Exception <a 'java/net/SocketTimeoutException'{0x00000000c96a0d60}: Read timed out> (0x00000000c96a0d60) thrown at [src/hotspot/share/prims/jni.cpp, line 636]
Event: 10.162 Thread 0x00007fd434018000 Exception <a 'java/net/SocketTimeoutException'{0x00000000c96b6570}: Read timed out> (0x00000000c96b6570) thrown at [src/hotspot/share/prims/jni.cpp, line 636]
Event: 10.180 Thread 0x00007fd434018000 Exception <a 'java/net/SocketTimeoutException'{0x00000000c96cc370}: Read timed out> (0x00000000c96cc370) thrown at [src/hotspot/share/prims/jni.cpp, line 636]
Event: 10.234 Thread 0x00007fd434018000 Exception <a 'java/net/SocketTimeoutException'{0x00000000c96df330}: Read timed out> (0x00000000c96df330) thrown at [src/hotspot/share/prims/jni.cpp, line 636]
Event: 10.254 Thread 0x00007fd434018000 Exception <a 'java/net/SocketTimeoutException'{0x00000000c96f5fa8}: Read timed out> (0x00000000c96f5fa8) thrown at [src/hotspot/share/prims/jni.cpp, line 636]
Event: 11.163 Thread 0x00007fd434018000 Exception <a 'java/net/SocketTimeoutException'{0x00000000c950ab08}: Read timed out> (0x00000000c950ab08) thrown at [src/hotspot/share/prims/jni.cpp, line 636]
Event: 11.184 Thread 0x00007fd434018000 Exception <a 'java/net/SocketTimeoutException'{0x00000000c95218c0}: Read timed out> (0x00000000c95218c0) thrown at [src/hotspot/share/prims/jni.cpp, line 636]
Event: 12.152 Thread 0x00007fd434018000 Exception <a 'java/net/SocketTimeoutException'{0x00000000c9534be0}: Read timed out> (0x00000000c9534be0) thrown at [src/hotspot/share/prims/jni.cpp, line 636]
Event: 12.169 Thread 0x00007fd434018000 Exception <a 'java/net/SocketTimeoutException'{0x00000000c9549ba0}: Read timed out> (0x00000000c9549ba0) thrown at [src/hotspot/share/prims/jni.cpp, line 636]
Event: 12.202 Thread 0x00007fd434018000 Exception <a 'java/net/SocketTimeoutException'{0x00000000c958bfe8}: Read timed out> (0x00000000c958bfe8) thrown at [src/hotspot/share/prims/jni.cpp, line 636]
Event: 12.222 Thread 0x00007fd434018000 Exception <a 'java/net/SocketTimeoutException'{0x00000000c95a0f90}: Read timed out> (0x00000000c95a0f90) thrown at [src/hotspot/share/prims/jni.cpp, line 636]

Events (20 events):
Event: 1334.162 Executing VM operation: GetCurrentContendedMonitor done
Event: 1383.392 Executing VM operation: RedefineClasses
Event: 1383.404 Executing VM operation: RedefineClasses done
Event: 1383.457 Executing VM operation: ChangeBreakpoints
Event: 1383.458 Executing VM operation: ChangeBreakpoints done
Event: 1383.464 Executing VM operation: ChangeBreakpoints
Event: 1383.465 Executing VM operation: ChangeBreakpoints done
Event: 1383.467 Executing VM operation: GetFrameCount
Event: 1383.467 Executing VM operation: GetFrameCount done
Event: 1383.467 Executing VM operation: GetStackTrace
Event: 1383.467 Executing VM operation: GetStackTrace done
Event: 1383.484 Executing VM operation: GetFrameCount
Event: 1383.484 Executing VM operation: GetFrameCount done
Event: 1383.484 Executing VM operation: GetOwnedMonitorInfo
Event: 1383.484 Executing VM operation: GetOwnedMonitorInfo done
Event: 1383.484 Executing VM operation: GetCurrentContendedMonitor
Event: 1383.484 Executing VM operation: GetCurrentContendedMonitor done
Event: 1392.586 Executing VM operation: GetFrameLocation
Event: 1392.586 Executing VM operation: GetFrameLocation done
Event: 1392.586 Executing VM operation: GetOrSetLocal


Dynamic libraries:
c6c00000-ca600000 rw-p 00000000 00:00 0 
ca600000-ffe00000 ---p 00000000 00:00 0 
ffe00000-ffe47000 rw-p 01111000 08:01 790038                             /usr/lib/jvm/java-11-openjdk-amd64/lib/server/classes.jsa
ffe47000-fff00000 rw-p 00000000 00:00 0 
fff00000-fff6b000 rw-p 010a6000 08:01 790038                             /usr/lib/jvm/java-11-openjdk-amd64/lib/server/classes.jsa
fff6b000-100000000 rw-p 00000000 00:00 0 
800000000-800002000 rwxp 00001000 08:01 790038                           /usr/lib/jvm/java-11-openjdk-amd64/lib/server/classes.jsa
800002000-8010a5000 rw-p 00003000 08:01 790038                           /usr/lib/jvm/java-11-openjdk-amd64/lib/server/classes.jsa
840000000-840220000 rw-p 00000000 00:00 0 
840220000-880000000 ---p 00000000 00:00 0 
557226c87000-557226c88000 r--p 00000000 08:01 786449                     /usr/lib/jvm/java-11-openjdk-amd64/bin/java
557226c88000-557226c89000 r-xp 00001000 08:01 786449                     /usr/lib/jvm/java-11-openjdk-amd64/bin/java
557226c89000-557226c8a000 r--p 00002000 08:01 786449                     /usr/lib/jvm/java-11-openjdk-amd64/bin/java
557226c8a000-557226c8b000 r--p 00002000 08:01 786449                     /usr/lib/jvm/java-11-openjdk-amd64/bin/java
557226c8b000-557226c8c000 rw-p 00003000 08:01 786449                     /usr/lib/jvm/java-11-openjdk-amd64/bin/java
5572283af000-5572283d0000 rw-p 00000000 00:00 0                          [heap]
7fd398000000-7fd398021000 rw-p 00000000 00:00 0 
7fd398021000-7fd39c000000 ---p 00000000 00:00 0 
7fd3a0000000-7fd3a0021000 rw-p 00000000 00:00 0 
7fd3a0021000-7fd3a4000000 ---p 00000000 00:00 0 
7fd3a4000000-7fd3a4021000 rw-p 00000000 00:00 0 
7fd3a4021000-7fd3a8000000 ---p 00000000 00:00 0 
7fd3a8000000-7fd3a8021000 rw-p 00000000 00:00 0 
7fd3a8021000-7fd3ac000000 ---p 00000000 00:00 0 
7fd3ac000000-7fd3ac021000 rw-p 00000000 00:00 0 
7fd3ac021000-7fd3b0000000 ---p 00000000 00:00 0 
7fd3b0000000-7fd3b0021000 rw-p 00000000 00:00 0 
7fd3b0021000-7fd3b4000000 ---p 00000000 00:00 0 
7fd3b4000000-7fd3b4021000 rw-p 00000000 00:00 0 
7fd3b4021000-7fd3b8000000 ---p 00000000 00:00 0 
7fd3b8000000-7fd3b8021000 rw-p 00000000 00:00 0 
7fd3b8021000-7fd3bc000000 ---p 00000000 00:00 0 
7fd3bc000000-7fd3bc021000 rw-p 00000000 00:00 0 
7fd3bc021000-7fd3c0000000 ---p 00000000 00:00 0 
7fd3c0000000-7fd3c0021000 rw-p 00000000 00:00 0 
7fd3c0021000-7fd3c4000000 ---p 00000000 00:00 0 
7fd3c4000000-7fd3c4021000 rw-p 00000000 00:00 0 
7fd3c4021000-7fd3c8000000 ---p 00000000 00:00 0 
7fd3c8000000-7fd3c8021000 rw-p 00000000 00:00 0 
7fd3c8021000-7fd3cc000000 ---p 00000000 00:00 0 
7fd3cc000000-7fd3cc021000 rw-p 00000000 00:00 0 
7fd3cc021000-7fd3d0000000 ---p 00000000 00:00 0 
7fd3d0000000-7fd3d0021000 rw-p 00000000 00:00 0 
7fd3d0021000-7fd3d4000000 ---p 00000000 00:00 0 
7fd3d4000000-7fd3d4021000 rw-p 00000000 00:00 0 
7fd3d4021000-7fd3d8000000 ---p 00000000 00:00 0 
7fd3d8000000-7fd3d8025000 rw-p 00000000 00:00 0 
7fd3d8025000-7fd3dc000000 ---p 00000000 00:00 0 
7fd3dc000000-7fd3dc021000 rw-p 00000000 00:00 0 
7fd3dc021000-7fd3e0000000 ---p 00000000 00:00 0 
7fd3e0000000-7fd3e03d8000 rw-p 00000000 00:00 0 
7fd3e03d8000-7fd3e4000000 ---p 00000000 00:00 0 
7fd3e4000000-7fd3e4021000 rw-p 00000000 00:00 0 
7fd3e4021000-7fd3e8000000 ---p 00000000 00:00 0 
7fd3e8000000-7fd3e8021000 rw-p 00000000 00:00 0 
7fd3e8021000-7fd3ec000000 ---p 00000000 00:00 0 
7fd3ec000000-7fd3ec4a8000 rw-p 00000000 00:00 0 
7fd3ec4a8000-7fd3f0000000 ---p 00000000 00:00 0 
7fd3f0000000-7fd3f0021000 rw-p 00000000 00:00 0 
7fd3f0021000-7fd3f4000000 ---p 00000000 00:00 0 
7fd3f6291000-7fd3f6295000 ---p 00000000 00:00 0 
7fd3f6295000-7fd3f6392000 rw-p 00000000 00:00 0 
7fd3f6392000-7fd3f6396000 ---p 00000000 00:00 0 
7fd3f6396000-7fd3f6693000 rw-p 00000000 00:00 0 
7fd3f6693000-7fd3f6697000 ---p 00000000 00:00 0 
7fd3f6697000-7fd3f6794000 rw-p 00000000 00:00 0 
7fd3f6794000-7fd3f6798000 ---p 00000000 00:00 0 
7fd3f6798000-7fd3f6895000 rw-p 00000000 00:00 0 
7fd3f6895000-7fd3f6899000 ---p 00000000 00:00 0 
7fd3f6899000-7fd3f6996000 rw-p 00000000 00:00 0 
7fd3f6996000-7fd3f699a000 ---p 00000000 00:00 0 
7fd3f699a000-7fd3f69b8000 rw-p 00000000 00:00 0 
7fd3f69b8000-7fd3f69bc000 ---p 00000000 00:00 0 
7fd3f69bc000-7fd3f6ab9000 rw-p 00000000 00:00 0 
7fd3f6ab9000-7fd3f6abd000 ---p 00000000 00:00 0 
7fd3f6abd000-7fd3f6dba000 rw-p 00000000 00:00 0 
7fd3f6dba000-7fd3f6dbb000 ---p 00000000 00:00 0 
7fd3f6dbb000-7fd3f6ebc000 rw-p 00000000 00:00 0 
7fd3f6ebc000-7fd3f6ebd000 ---p 00000000 00:00 0 
7fd3f6ebd000-7fd3f71be000 rw-p 00000000 00:00 0 
7fd3f71be000-7fd3f71c6000 r--p 00000000 08:01 791127                     /usr/lib/jvm/java-11-openjdk-amd64/lib/libsunec.so
7fd3f71c6000-7fd3f71df000 r-xp 00008000 08:01 791127                     /usr/lib/jvm/java-11-openjdk-amd64/lib/libsunec.so
7fd3f71df000-7fd3f71e9000 r--p 00021000 08:01 791127                     /usr/lib/jvm/java-11-openjdk-amd64/lib/libsunec.so
7fd3f71e9000-7fd3f71ea000 ---p 0002b000 08:01 791127                     /usr/lib/jvm/java-11-openjdk-amd64/lib/libsunec.so
7fd3f71ea000-7fd3f71ee000 r--p 0002b000 08:01 791127                     /usr/lib/jvm/java-11-openjdk-amd64/lib/libsunec.so
7fd3f71ee000-7fd3f71f0000 rw-p 0002f000 08:01 791127                     /usr/lib/jvm/java-11-openjdk-amd64/lib/libsunec.so
7fd3f71f0000-7fd3f71f4000 ---p 00000000 00:00 0 
7fd3f71f4000-7fd3f72f1000 rw-p 00000000 00:00 0 
7fd3f72f1000-7fd3f72f5000 ---p 00000000 00:00 0 
7fd3f72f5000-7fd3f73f2000 rw-p 00000000 00:00 0 
7fd3f73f2000-7fd3f73f6000 ---p 00000000 00:00 0 
7fd3f73f6000-7fd3f74f3000 rw-p 00000000 00:00 0 
7fd3f74f3000-7fd3f74f4000 ---p 00000000 00:00 0 
7fd3f74f4000-7fd3f75f5000 rw-p 00000000 00:00 0 
7fd3f75f5000-7fd3f75f9000 ---p 00000000 00:00 0 
7fd3f75f9000-7fd3f76f6000 rw-p 00000000 00:00 0 
7fd3f76f6000-7fd3f76f7000 ---p 00000000 00:00 0 
7fd3f76f7000-7fd3f77f8000 rw-p 00000000 00:00 0 
7fd3f77f8000-7fd3f77fc000 ---p 00000000 00:00 0 
7fd3f77fc000-7fd3f78f9000 rw-p 00000000 00:00 0 
7fd3f78f9000-7fd3f78fd000 ---p 00000000 00:00 0 
7fd3f78fd000-7fd3f79fa000 rw-p 00000000 00:00 0 
7fd3f79fa000-7fd3f79fe000 ---p 00000000 00:00 0 
7fd3f79fe000-7fd3f7afb000 rw-p 00000000 00:00 0 
7fd3f7afb000-7fd3f7aff000 ---p 00000000 00:00 0 
7fd3f7aff000-7fd3f7bfc000 rw-p 00000000 00:00 0 
7fd3f7bfc000-7fd3f7c00000 ---p 00000000 00:00 0 
7fd3f7c00000-7fd3f7cfd000 rw-p 00000000 00:00 0 
7fd3f7cfd000-7fd3f7d01000 ---p 00000000 00:00 0 
7fd3f7d01000-7fd3f7dfe000 rw-p 00000000 00:00 0 
7fd3f7dfe000-7fd3f7e02000 ---p 00000000 00:00 0 
7fd3f7e02000-7fd3f7eff000 rw-p 00000000 00:00 0 
7fd3f7eff000-7fd3f7f03000 ---p 00000000 00:00 0 
7fd3f7f03000-7fd3f8000000 rw-p 00000000 00:00 0 
7fd3f8000000-7fd3f8021000 rw-p 00000000 00:00 0 
7fd3f8021000-7fd3fc000000 ---p 00000000 00:00 0 
7fd3fc000000-7fd3fc021000 rw-p 00000000 00:00 0 
7fd3fc021000-7fd400000000 ---p 00000000 00:00 0 
7fd400000000-7fd400021000 rw-p 00000000 00:00 0 
7fd400021000-7fd404000000 ---p 00000000 00:00 0 
7fd404000000-7fd404021000 rw-p 00000000 00:00 0 
7fd404021000-7fd408000000 ---p 00000000 00:00 0 
7fd408000000-7fd408021000 rw-p 00000000 00:00 0 
7fd408021000-7fd40c000000 ---p 00000000 00:00 0 
7fd40c000000-7fd40c021000 rw-p 00000000 00:00 0 
7fd40c021000-7fd410000000 ---p 00000000 00:00 0 
7fd410000000-7fd410021000 rw-p 00000000 00:00 0 
7fd410021000-7fd414000000 ---p 00000000 00:00 0 
7fd414016000-7fd414047000 rw-p 00000000 00:00 0 
7fd414047000-7fd41404b000 r--p 00000000 08:01 791121                     /usr/lib/jvm/java-11-openjdk-amd64/lib/libnet.so
7fd41404b000-7fd41405a000 r-xp 00004000 08:01 791121                     /usr/lib/jvm/java-11-openjdk-amd64/lib/libnet.so
7fd41405a000-7fd41405e000 r--p 00013000 08:01 791121                     /usr/lib/jvm/java-11-openjdk-amd64/lib/libnet.so
7fd41405e000-7fd41405f000 r--p 00016000 08:01 791121                     /usr/lib/jvm/java-11-openjdk-amd64/lib/libnet.so
7fd41405f000-7fd414060000 rw-p 00017000 08:01 791121                     /usr/lib/jvm/java-11-openjdk-amd64/lib/libnet.so
7fd414060000-7fd4145d0000 r--p 00000000 08:01 660636                     /usr/lib/locale/locale-archive
7fd4145d0000-7fd4145d4000 ---p 00000000 00:00 0 
7fd4145d4000-7fd4146d1000 rw-p 00000000 00:00 0 
7fd4146d1000-7fd4146d5000 ---p 00000000 00:00 0 
7fd4146d5000-7fd4147d2000 rw-p 00000000 00:00 0 
7fd4147d2000-7fd4147d3000 ---p 00000000 00:00 0 
7fd4147d3000-7fd417298000 rw-p 00000000 00:00 0 
7fd417298000-7fd417ff8000 ---p 00000000 00:00 0 
7fd417ff8000-7fd418000000 rw-p 00000000 00:00 0 
7fd418000000-7fd418021000 rw-p 00000000 00:00 0 
7fd418021000-7fd41c000000 ---p 00000000 00:00 0 
7fd41c00f000-7fd41c016000 r--p 00000000 08:01 791122                     /usr/lib/jvm/java-11-openjdk-amd64/lib/libnio.so
7fd41c016000-7fd41c01e000 r-xp 00007000 08:01 791122                     /usr/lib/jvm/java-11-openjdk-amd64/lib/libnio.so
7fd41c01e000-7fd41c021000 r--p 0000f000 08:01 791122                     /usr/lib/jvm/java-11-openjdk-amd64/lib/libnio.so
7fd41c021000-7fd41c022000 r--p 00011000 08:01 791122                     /usr/lib/jvm/java-11-openjdk-amd64/lib/libnio.so
7fd41c022000-7fd41c023000 rw-p 00012000 08:01 791122                     /usr/lib/jvm/java-11-openjdk-amd64/lib/libnio.so
7fd41c023000-7fd41c06c000 rw-p 00000000 00:00 0 
7fd41c06c000-7fd41c06d000 ---p 00000000 00:00 0 
7fd41c06d000-7fd41c16e000 rw-p 00000000 00:00 0 
7fd41c16e000-7fd41c16f000 ---p 00000000 00:00 0 
7fd41c16f000-7fd41c674000 rw-p 00000000 00:00 0 
7fd41c674000-7fd41c675000 ---p 00000000 00:00 0 
7fd41c675000-7fd41c776000 rw-p 00000000 00:00 0 
7fd41c776000-7fd41c777000 ---p 00000000 00:00 0 
7fd41c777000-7fd41c878000 rw-p 00000000 00:00 0 
7fd41c878000-7fd41cae8000 rwxp 00000000 00:00 0 
7fd41cae8000-7fd41ce08000 ---p 00000000 00:00 0 
7fd41ce08000-7fd41d1e8000 rwxp 00000000 00:00 0 
7fd41d1e8000-7fd424340000 ---p 00000000 00:00 0 
7fd424340000-7fd4245b0000 rwxp 00000000 00:00 0 
7fd4245b0000-7fd42b878000 ---p 00000000 00:00 0 
7fd42b878000-7fd434000000 r--s 00000000 08:01 791131                     /usr/lib/jvm/java-11-openjdk-amd64/lib/modules
7fd434000000-7fd4347c0000 rw-p 00000000 00:00 0 
7fd4347c0000-7fd438000000 ---p 00000000 00:00 0 
7fd438006000-7fd438007000 r--p 00000000 08:01 791103                     /usr/lib/jvm/java-11-openjdk-amd64/lib/libextnet.so
7fd438007000-7fd438008000 r-xp 00001000 08:01 791103                     /usr/lib/jvm/java-11-openjdk-amd64/lib/libextnet.so
7fd438008000-7fd438009000 r--p 00002000 08:01 791103                     /usr/lib/jvm/java-11-openjdk-amd64/lib/libextnet.so
7fd438009000-7fd43800a000 r--p 00002000 08:01 791103                     /usr/lib/jvm/java-11-openjdk-amd64/lib/libextnet.so
7fd43800a000-7fd43800b000 rw-p 00003000 08:01 791103                     /usr/lib/jvm/java-11-openjdk-amd64/lib/libextnet.so
7fd43800b000-7fd43800d000 r--p 00000000 08:01 791102                     /usr/lib/jvm/java-11-openjdk-amd64/lib/libdt_socket.so
7fd43800d000-7fd438010000 r-xp 00002000 08:01 791102                     /usr/lib/jvm/java-11-openjdk-amd64/lib/libdt_socket.so
7fd438010000-7fd438011000 r--p 00005000 08:01 791102                     /usr/lib/jvm/java-11-openjdk-amd64/lib/libdt_socket.so
7fd438011000-7fd438012000 ---p 00006000 08:01 791102                     /usr/lib/jvm/java-11-openjdk-amd64/lib/libdt_socket.so
7fd438012000-7fd438013000 r--p 00006000 08:01 791102                     /usr/lib/jvm/java-11-openjdk-amd64/lib/libdt_socket.so
7fd438013000-7fd438014000 rw-p 00007000 08:01 791102                     /usr/lib/jvm/java-11-openjdk-amd64/lib/libdt_socket.so
7fd438014000-7fd43801b000 r--s 00000000 08:01 1186996                    /usr/lib/x86_64-linux-gnu/gconv/gconv-modules.cache
7fd43801b000-7fd438143000 rw-p 00000000 00:00 0 
7fd438143000-7fd438ea3000 ---p 00000000 00:00 0 
7fd438ea3000-7fd438ec8000 rw-p 00000000 00:00 0 
7fd438ec8000-7fd439074000 ---p 00000000 00:00 0 
7fd439074000-7fd439092000 rw-p 00000000 00:00 0 
7fd439092000-7fd43923e000 ---p 00000000 00:00 0 
7fd43923e000-7fd43925c000 rw-p 00000000 00:00 0 
7fd43925c000-7fd439408000 ---p 00000000 00:00 0 
7fd439408000-7fd43980d000 rw-p 00000000 00:00 0 
7fd43980d000-7fd43980e000 ---p 00000000 00:00 0 
7fd43980e000-7fd439914000 rw-p 00000000 00:00 0 
7fd439914000-7fd4399fa000 ---p 00000000 00:00 0 
7fd4399fa000-7fd439a02000 rw-p 00000000 00:00 0 
7fd439a02000-7fd439ae5000 ---p 00000000 00:00 0 
7fd439ae5000-7fd439aea000 rw-p 00000000 00:00 0 
7fd439aea000-7fd439af1000 ---p 00000000 00:00 0 
7fd439af1000-7fd439af3000 r--s 0000c000 08:01 1312606                    /usr/share/java/java-atk-wrapper.jar
7fd439af3000-7fd439af6000 r--p 00000000 08:01 657545                     /usr/lib/x86_64-linux-gnu/libnss_files-2.31.so
7fd439af6000-7fd439afd000 r-xp 00003000 08:01 657545                     /usr/lib/x86_64-linux-gnu/libnss_files-2.31.so
7fd439afd000-7fd439aff000 r--p 0000a000 08:01 657545                     /usr/lib/x86_64-linux-gnu/libnss_files-2.31.so
7fd439aff000-7fd439b00000 r--p 0000b000 08:01 657545                     /usr/lib/x86_64-linux-gnu/libnss_files-2.31.so
7fd439b00000-7fd439b01000 rw-p 0000c000 08:01 657545                     /usr/lib/x86_64-linux-gnu/libnss_files-2.31.so
7fd439b01000-7fd439b07000 rw-p 00000000 00:00 0 
7fd439b08000-7fd439b0a000 r--p 00000000 08:01 791130                     /usr/lib/jvm/java-11-openjdk-amd64/lib/libzip.so
7fd439b0a000-7fd439b0e000 r-xp 00002000 08:01 791130                     /usr/lib/jvm/java-11-openjdk-amd64/lib/libzip.so
7fd439b0e000-7fd439b10000 r--p 00006000 08:01 791130                     /usr/lib/jvm/java-11-openjdk-amd64/lib/libzip.so
7fd439b10000-7fd439b11000 r--p 00007000 08:01 791130                     /usr/lib/jvm/java-11-openjdk-amd64/lib/libzip.so
7fd439b11000-7fd439b12000 rw-p 00008000 08:01 791130                     /usr/lib/jvm/java-11-openjdk-amd64/lib/libzip.so
7fd439b12000-7fd439b1a000 rw-s 00000000 08:01 2495464                    /tmp/hsperfdata_smitha/100559
7fd439b1a000-7fd439b1c000 r--p 00000000 08:01 791112                     /usr/lib/jvm/java-11-openjdk-amd64/lib/libjdwp.so
7fd439b1c000-7fd439b48000 r-xp 00002000 08:01 791112                     /usr/lib/jvm/java-11-openjdk-amd64/lib/libjdwp.so
7fd439b48000-7fd439b56000 r--p 0002e000 08:01 791112                     /usr/lib/jvm/java-11-openjdk-amd64/lib/libjdwp.so
7fd439b56000-7fd439b57000 r--p 0003b000 08:01 791112                     /usr/lib/jvm/java-11-openjdk-amd64/lib/libjdwp.so
7fd439b57000-7fd439b58000 rw-p 0003c000 08:01 791112                     /usr/lib/jvm/java-11-openjdk-amd64/lib/libjdwp.so
7fd439b58000-7fd439b59000 ---p 00000000 00:00 0 
7fd439b59000-7fd439b5a000 r--p 00000000 00:00 0 
7fd439b5a000-7fd439b5c000 r--p 00000000 08:01 791113                     /usr/lib/jvm/java-11-openjdk-amd64/lib/libjimage.so
7fd439b5c000-7fd439b5f000 r-xp 00002000 08:01 791113                     /usr/lib/jvm/java-11-openjdk-amd64/lib/libjimage.so
7fd439b5f000-7fd439b60000 r--p 00005000 08:01 791113                     /usr/lib/jvm/java-11-openjdk-amd64/lib/libjimage.so
7fd439b60000-7fd439b61000 ---p 00006000 08:01 791113                     /usr/lib/jvm/java-11-openjdk-amd64/lib/libjimage.so
7fd439b61000-7fd439b62000 r--p 00006000 08:01 791113                     /usr/lib/jvm/java-11-openjdk-amd64/lib/libjimage.so
7fd439b62000-7fd439b63000 rw-p 00007000 08:01 791113                     /usr/lib/jvm/java-11-openjdk-amd64/lib/libjimage.so
7fd439b63000-7fd439b71000 r--p 00000000 08:01 791110                     /usr/lib/jvm/java-11-openjdk-amd64/lib/libjava.so
7fd439b71000-7fd439b87000 r-xp 0000e000 08:01 791110                     /usr/lib/jvm/java-11-openjdk-amd64/lib/libjava.so
7fd439b87000-7fd439b8e000 r--p 00024000 08:01 791110                     /usr/lib/jvm/java-11-openjdk-amd64/lib/libjava.so
7fd439b8e000-7fd439b8f000 r--p 0002a000 08:01 791110                     /usr/lib/jvm/java-11-openjdk-amd64/lib/libjava.so
7fd439b8f000-7fd439b90000 rw-p 0002b000 08:01 791110                     /usr/lib/jvm/java-11-openjdk-amd64/lib/libjava.so
7fd439b90000-7fd439b91000 rw-p 00000000 00:00 0 
7fd439b91000-7fd439b94000 r--p 00000000 08:01 657552                     /usr/lib/x86_64-linux-gnu/librt-2.31.so
7fd439b94000-7fd439b98000 r-xp 00003000 08:01 657552                     /usr/lib/x86_64-linux-gnu/librt-2.31.so
7fd439b98000-7fd439b99000 r--p 00007000 08:01 657552                     /usr/lib/x86_64-linux-gnu/librt-2.31.so
7fd439b99000-7fd439b9a000 ---p 00008000 08:01 657552                     /usr/lib/x86_64-linux-gnu/librt-2.31.so
7fd439b9a000-7fd439b9b000 r--p 00008000 08:01 657552                     /usr/lib/x86_64-linux-gnu/librt-2.31.so
7fd439b9b000-7fd439b9c000 rw-p 00009000 08:01 657552                     /usr/lib/x86_64-linux-gnu/librt-2.31.so
7fd439b9c000-7fd439ba0000 ---p 00000000 00:00 0 
7fd439ba0000-7fd439c9d000 rw-p 00000000 00:00 0 
7fd439c9d000-7fd439ca0000 r--p 00000000 08:01 660711                     /usr/lib/x86_64-linux-gnu/libgcc_s.so.1
7fd439ca0000-7fd439cb2000 r-xp 00003000 08:01 660711                     /usr/lib/x86_64-linux-gnu/libgcc_s.so.1
7fd439cb2000-7fd439cb6000 r--p 00015000 08:01 660711                     /usr/lib/x86_64-linux-gnu/libgcc_s.so.1
7fd439cb6000-7fd439cb7000 r--p 00018000 08:01 660711                     /usr/lib/x86_64-linux-gnu/libgcc_s.so.1
7fd439cb7000-7fd439cb8000 rw-p 00019000 08:01 660711                     /usr/lib/x86_64-linux-gnu/libgcc_s.so.1
7fd439cb8000-7fd439cc7000 r--p 00000000 08:01 657539                     /usr/lib/x86_64-linux-gnu/libm-2.31.so
7fd439cc7000-7fd439d6e000 r-xp 0000f000 08:01 657539                     /usr/lib/x86_64-linux-gnu/libm-2.31.so
7fd439d6e000-7fd439e05000 r--p 000b6000 08:01 657539                     /usr/lib/x86_64-linux-gnu/libm-2.31.so
7fd439e05000-7fd439e06000 r--p 0014c000 08:01 657539                     /usr/lib/x86_64-linux-gnu/libm-2.31.so
7fd439e06000-7fd439e07000 rw-p 0014d000 08:01 657539                     /usr/lib/x86_64-linux-gnu/libm-2.31.so
7fd439e07000-7fd439e9d000 r--p 00000000 08:01 660030                     /usr/lib/x86_64-linux-gnu/libstdc++.so.6.0.28
7fd439e9d000-7fd439f8e000 r-xp 00096000 08:01 660030                     /usr/lib/x86_64-linux-gnu/libstdc++.so.6.0.28
7fd439f8e000-7fd439fd7000 r--p 00187000 08:01 660030                     /usr/lib/x86_64-linux-gnu/libstdc++.so.6.0.28
7fd439fd7000-7fd439fd8000 ---p 001d0000 08:01 660030                     /usr/lib/x86_64-linux-gnu/libstdc++.so.6.0.28
7fd439fd8000-7fd439fe3000 r--p 001d0000 08:01 660030                     /usr/lib/x86_64-linux-gnu/libstdc++.so.6.0.28
7fd439fe3000-7fd439fe6000 rw-p 001db000 08:01 660030                     /usr/lib/x86_64-linux-gnu/libstdc++.so.6.0.28
7fd439fe6000-7fd439fe9000 rw-p 00000000 00:00 0 
7fd439fe9000-7fd43a263000 r--p 00000000 08:01 791134                     /usr/lib/jvm/java-11-openjdk-amd64/lib/server/libjvm.so
7fd43a263000-7fd43aee8000 r-xp 0027a000 08:01 791134                     /usr/lib/jvm/java-11-openjdk-amd64/lib/server/libjvm.so
7fd43aee8000-7fd43b13f000 r--p 00eff000 08:01 791134                     /usr/lib/jvm/java-11-openjdk-amd64/lib/server/libjvm.so
7fd43b13f000-7fd43b200000 r--p 01155000 08:01 791134                     /usr/lib/jvm/java-11-openjdk-amd64/lib/server/libjvm.so
7fd43b200000-7fd43b23b000 rw-p 01216000 08:01 791134                     /usr/lib/jvm/java-11-openjdk-amd64/lib/server/libjvm.so
7fd43b23b000-7fd43b294000 rw-p 00000000 00:00 0 
7fd43b294000-7fd43b29b000 r--p 00000000 08:01 657550                     /usr/lib/x86_64-linux-gnu/libpthread-2.31.so
7fd43b29b000-7fd43b2ac000 r-xp 00007000 08:01 657550                     /usr/lib/x86_64-linux-gnu/libpthread-2.31.so
7fd43b2ac000-7fd43b2b1000 r--p 00018000 08:01 657550                     /usr/lib/x86_64-linux-gnu/libpthread-2.31.so
7fd43b2b1000-7fd43b2b2000 r--p 0001c000 08:01 657550                     /usr/lib/x86_64-linux-gnu/libpthread-2.31.so
7fd43b2b2000-7fd43b2b3000 rw-p 0001d000 08:01 657550                     /usr/lib/x86_64-linux-gnu/libpthread-2.31.so
7fd43b2b3000-7fd43b2b7000 rw-p 00000000 00:00 0 
7fd43b2b7000-7fd43b2b8000 r--p 00000000 08:01 657538                     /usr/lib/x86_64-linux-gnu/libdl-2.31.so
7fd43b2b8000-7fd43b2ba000 r-xp 00001000 08:01 657538                     /usr/lib/x86_64-linux-gnu/libdl-2.31.so
7fd43b2ba000-7fd43b2bb000 r--p 00003000 08:01 657538                     /usr/lib/x86_64-linux-gnu/libdl-2.31.so
7fd43b2bb000-7fd43b2bc000 r--p 00003000 08:01 657538                     /usr/lib/x86_64-linux-gnu/libdl-2.31.so
7fd43b2bc000-7fd43b2bd000 rw-p 00004000 08:01 657538                     /usr/lib/x86_64-linux-gnu/libdl-2.31.so
7fd43b2bd000-7fd43b2bf000 r--p 00000000 08:01 655901                     /usr/lib/x86_64-linux-gnu/libz.so.1.2.11
7fd43b2bf000-7fd43b2d0000 r-xp 00002000 08:01 655901                     /usr/lib/x86_64-linux-gnu/libz.so.1.2.11
7fd43b2d0000-7fd43b2d6000 r--p 00013000 08:01 655901                     /usr/lib/x86_64-linux-gnu/libz.so.1.2.11
7fd43b2d6000-7fd43b2d7000 ---p 00019000 08:01 655901                     /usr/lib/x86_64-linux-gnu/libz.so.1.2.11
7fd43b2d7000-7fd43b2d8000 r--p 00019000 08:01 655901                     /usr/lib/x86_64-linux-gnu/libz.so.1.2.11
7fd43b2d8000-7fd43b2d9000 rw-p 0001a000 08:01 655901                     /usr/lib/x86_64-linux-gnu/libz.so.1.2.11
7fd43b2d9000-7fd43b2fe000 r--p 00000000 08:01 657537                     /usr/lib/x86_64-linux-gnu/libc-2.31.so
7fd43b2fe000-7fd43b476000 r-xp 00025000 08:01 657537                     /usr/lib/x86_64-linux-gnu/libc-2.31.so
7fd43b476000-7fd43b4c0000 r--p 0019d000 08:01 657537                     /usr/lib/x86_64-linux-gnu/libc-2.31.so
7fd43b4c0000-7fd43b4c1000 ---p 001e7000 08:01 657537                     /usr/lib/x86_64-linux-gnu/libc-2.31.so
7fd43b4c1000-7fd43b4c4000 r--p 001e7000 08:01 657537                     /usr/lib/x86_64-linux-gnu/libc-2.31.so
7fd43b4c4000-7fd43b4c7000 rw-p 001ea000 08:01 657537                     /usr/lib/x86_64-linux-gnu/libc-2.31.so
7fd43b4c7000-7fd43b4cb000 rw-p 00000000 00:00 0 
7fd43b4cc000-7fd43b4d1000 r--p 00000000 08:01 791129                     /usr/lib/jvm/java-11-openjdk-amd64/lib/libverify.so
7fd43b4d1000-7fd43b4d8000 r-xp 00005000 08:01 791129                     /usr/lib/jvm/java-11-openjdk-amd64/lib/libverify.so
7fd43b4d8000-7fd43b4da000 r--p 0000c000 08:01 791129                     /usr/lib/jvm/java-11-openjdk-amd64/lib/libverify.so
7fd43b4da000-7fd43b4db000 ---p 0000e000 08:01 791129                     /usr/lib/jvm/java-11-openjdk-amd64/lib/libverify.so
7fd43b4db000-7fd43b4dd000 r--p 0000e000 08:01 791129                     /usr/lib/jvm/java-11-openjdk-amd64/lib/libverify.so
7fd43b4dd000-7fd43b4de000 rw-p 00010000 08:01 791129                     /usr/lib/jvm/java-11-openjdk-amd64/lib/libverify.so
7fd43b4de000-7fd43b4e1000 r--p 00000000 08:01 791095                     /usr/lib/jvm/java-11-openjdk-amd64/lib/jli/libjli.so
7fd43b4e1000-7fd43b4eb000 r-xp 00003000 08:01 791095                     /usr/lib/jvm/java-11-openjdk-amd64/lib/jli/libjli.so
7fd43b4eb000-7fd43b4ee000 r--p 0000d000 08:01 791095                     /usr/lib/jvm/java-11-openjdk-amd64/lib/jli/libjli.so
7fd43b4ee000-7fd43b4ef000 ---p 00010000 08:01 791095                     /usr/lib/jvm/java-11-openjdk-amd64/lib/jli/libjli.so
7fd43b4ef000-7fd43b4f0000 r--p 00010000 08:01 791095                     /usr/lib/jvm/java-11-openjdk-amd64/lib/jli/libjli.so
7fd43b4f0000-7fd43b4f1000 rw-p 00011000 08:01 791095                     /usr/lib/jvm/java-11-openjdk-amd64/lib/jli/libjli.so
7fd43b4f1000-7fd43b4f3000 rw-p 00000000 00:00 0 
7fd43b4f3000-7fd43b4f4000 r--p 00000000 08:01 657532                     /usr/lib/x86_64-linux-gnu/ld-2.31.so
7fd43b4f4000-7fd43b517000 r-xp 00001000 08:01 657532                     /usr/lib/x86_64-linux-gnu/ld-2.31.so
7fd43b517000-7fd43b51f000 r--p 00024000 08:01 657532                     /usr/lib/x86_64-linux-gnu/ld-2.31.so
7fd43b520000-7fd43b521000 r--p 0002c000 08:01 657532                     /usr/lib/x86_64-linux-gnu/ld-2.31.so
7fd43b521000-7fd43b522000 rw-p 0002d000 08:01 657532                     /usr/lib/x86_64-linux-gnu/ld-2.31.so
7fd43b522000-7fd43b523000 rw-p 00000000 00:00 0 
7ffea727f000-7ffea72a1000 rw-p 00000000 00:00 0                          [stack]
7ffea7366000-7ffea736a000 r--p 00000000 00:00 0                          [vvar]
7ffea736a000-7ffea736c000 r-xp 00000000 00:00 0                          [vdso]
ffffffffff600000-ffffffffff601000 --xp 00000000 00:00 0                  [vsyscall]


VM Arguments:
jvm_args: -agentlib:jdwp=transport=dt_socket,suspend=y,address=localhost:37335 -ea -Dfile.encoding=UTF-8 
java_command: org.testng.remote.RemoteTestNG -serport 32855 -protocol json -d /home/smitha/eclipse-workspace/Axelerant/test-output /tmp/testng-eclipse-162354778/testng-customsuite.xml
java_class_path (initial): /home/smitha/.eclipse/360744286_linux_gtk_x86_64/configuration/org.eclipse.osgi/498/0/.cp/lib/testng-remote.jar:/home/smitha/eclipse-workspace/Axelerant/bin:/home/smitha/Downloads/SeleniumClient/selenium-java-3.141.59/client-combined-3.141.59.jar:/home/smitha/Downloads/SeleniumClient/selenium-java-3.141.59/client-combined-3.141.59-sources.jar:/home/smitha/Downloads/SeleniumClient/selenium-java-3.141.59/libs/okio-1.14.0.jar:/home/smitha/Downloads/SeleniumClient/selenium-java-3.141.59/libs/okhttp-3.11.0.jar:/home/smitha/Downloads/SeleniumClient/selenium-java-3.141.59/libs/guava-25.0-jre.jar:/home/smitha/Downloads/SeleniumClient/selenium-java-3.141.59/libs/commons-exec-1.3.jar:/home/smitha/Downloads/SeleniumClient/selenium-java-3.141.59/libs/byte-buddy-1.8.15.jar:/home/smitha/Downloads/SeleniumClient/poi-bin-5.0.0-20210120/poi-5.0.0/poi-integration-5.0.0.jar:/home/smitha/Downloads/SeleniumClient/poi-bin-5.0.0-20210120/poi-5.0.0/poi-ooxml-lite-5.0.0.jar:/home/smitha/Downloads/SeleniumClient/poi-bin-5.0.0-20210120/poi-5.0.0/poi-excelant-5.0.0.jar:/home/smitha/Downloads/SeleniumClient/poi-bin-5.0.0-20210120/poi-5.0.0/poi-examples-5.0.0.jar:/home/smitha/Downloads/SeleniumClient/poi-bin-5.0.0-20210120/poi-5.0.0/poi-ooxml-5.0.0.jar:/home/smitha/Downloads/SeleniumClient/poi-bin-5.0.0-20210120/poi-5.0.0/poi-ooxml-full-5.0.0.jar:/home/smitha/Downloads/SeleniumClient/poi-bin-5.0.0-20210120/poi-5.0.0/poi-scratchpad-5.0.0.jar:/home/smitha/Downloads/SeleniumClient/poi-bin-5.0.0-20210120/poi-5.0.0/poi-5.0.0.jar:/home/smitha/Downloads/SeleniumClient/poi-bin-5.0.0-20210120/poi-5.0.0/auxiliary/graphics2d-0.30.jar:/home/smitha/Downloads/SeleniumClient/poi-bin-5.0.0-20210120/poi-5.0.0/auxiliary/fontbox-2.0.22.jar:/home/smitha/Downloads/SeleniumClient/poi-bin-5.0.0-20210120/poi-5.0.0/auxiliary/pdfbox-2.0.22.jar:/home/smitha/Downloads/SeleniumClient/poi-bin-5.0.0-20210120/poi-5.0.0/auxiliary/xmlgraphics-commons-2.4.jar:/home/smitha/Downloads/SeleniumClient/poi-
Launcher Type: SUN_STANDARD

[Global flags]
     intx CICompilerCount                          = 3                                         {product} {ergonomic}
     uint ConcGCThreads                            = 1                                         {product} {ergonomic}
     uint G1ConcRefinementThreads                  = 4                                         {product} {ergonomic}
   size_t G1HeapRegionSize                         = 1048576                                   {product} {ergonomic}
    uintx GCDrainStackTargetSize                   = 64                                        {product} {ergonomic}
   size_t InitialHeapSize                          = 60817408                                  {product} {ergonomic}
   size_t MarkStackSize                            = 4194304                                   {product} {ergonomic}
   size_t MaxHeapSize                              = 960495616                                 {product} {ergonomic}
   size_t MaxNewSize                               = 575668224                                 {product} {ergonomic}
   size_t MinHeapDeltaBytes                        = 1048576                                   {product} {ergonomic}
    uintx NonNMethodCodeHeapSize                   = 5830732                                {pd product} {ergonomic}
    uintx NonProfiledCodeHeapSize                  = 122913754                              {pd product} {ergonomic}
    uintx ProfiledCodeHeapSize                     = 122913754                              {pd product} {ergonomic}
    uintx ReservedCodeCacheSize                    = 251658240                              {pd product} {ergonomic}
     bool SegmentedCodeCache                       = true                                      {product} {ergonomic}
     bool UseCompressedClassPointers               = true                                 {lp64_product} {ergonomic}
     bool UseCompressedOops                        = true                                 {lp64_product} {ergonomic}
     bool UseG1GC                                  = true                                      {product} {ergonomic}

Logging:
Log output configuration:
 #0: stdout all=warning uptime,level,tags
 #1: stderr all=off uptime,level,tags

Environment Variables:
PATH=/home/smitha/bin:/usr/local/sbin:/usr/local/bin:/usr/sbin:/usr/bin:/sbin:/bin:/usr/games:/usr/local/games:/snap/bin
USERNAME=smitha
SHELL=/bin/bash
DISPLAY=:0
LANG=en_IN

Signal Handlers:
SIGSEGV: [libjvm.so+0xe8ba00], sa_mask[0]=11111111011111111101111111111110, sa_flags=SA_RESTART|SA_SIGINFO
SIGBUS: [libjvm.so+0xe8ba00], sa_mask[0]=11111111011111111101111111111110, sa_flags=SA_RESTART|SA_SIGINFO
SIGFPE: [libjvm.so+0xe8ba00], sa_mask[0]=11111111011111111101111111111110, sa_flags=SA_RESTART|SA_SIGINFO
SIGPIPE: [libjvm.so+0xbd10f0], sa_mask[0]=11111111011111111101111111111110, sa_flags=SA_RESTART|SA_SIGINFO
SIGXFSZ: [libjvm.so+0xbd10f0], sa_mask[0]=11111111011111111101111111111110, sa_flags=SA_RESTART|SA_SIGINFO
SIGILL: [libjvm.so+0xe8ba00], sa_mask[0]=11111111011111111101111111111110, sa_flags=SA_RESTART|SA_SIGINFO
SIGUSR2: [libjvm.so+0xbd0f90], sa_mask[0]=00100000000000000000000000000000, sa_flags=SA_RESTART|SA_SIGINFO
SIGHUP: [libjvm.so+0xbd1430], sa_mask[0]=11111111011111111101111111111110, sa_flags=SA_RESTART|SA_SIGINFO
SIGINT: [libjvm.so+0xbd1430], sa_mask[0]=11111111011111111101111111111110, sa_flags=SA_RESTART|SA_SIGINFO
SIGTERM: [libjvm.so+0xbd1430], sa_mask[0]=11111111011111111101111111111110, sa_flags=SA_RESTART|SA_SIGINFO
SIGQUIT: [libjvm.so+0xbd1430], sa_mask[0]=11111111011111111101111111111110, sa_flags=SA_RESTART|SA_SIGINFO


---------------  S Y S T E M  ---------------

OS:DISTRIB_ID=Ubuntu
DISTRIB_RELEASE=20.04
DISTRIB_CODENAME=focal
DISTRIB_DESCRIPTION="Ubuntu 20.04.1 LTS"
uname:Linux 5.8.0-59-generic #66~20.04.1-Ubuntu SMP Thu Jun 17 11:14:10 UTC 2021 x86_64
OS uptime: 2 days 4:49 hours
libc:glibc 2.31 NPTL 2.31 
rlimit (soft/hard): STACK 8192k/infinity , CORE 0k/infinity , NPROC 14404/14404 , NOFILE 1048576/1048576 , AS infinity/infinity , CPU infinity/infinity , DATA infinity/infinity , FSIZE infinity/infinity , MEMLOCK 65536k/65536k
load average:5.54 1.40 0.77

/proc/meminfo:
MemTotal:        3747748 kB
MemFree:          118628 kB
MemAvailable:     661796 kB
Buffers:           20572 kB
Cached:           807228 kB
SwapCached:       502832 kB
Active:          2213824 kB
Inactive:         902368 kB
Active(anon):    1883772 kB
Inactive(anon):   533632 kB
Active(file):     330052 kB
Inactive(file):   368736 kB
Unevictable:       30712 kB
Mlocked:             160 kB
SwapTotal:      15624188 kB
SwapFree:       11337988 kB
Dirty:             12180 kB
Writeback:             8 kB
AnonPages:       2252388 kB
Mapped:           495340 kB
Shmem:            128792 kB
KReclaimable:      96508 kB
Slab:             289460 kB
SReclaimable:      96508 kB
SUnreclaim:       192952 kB
KernelStack:       33968 kB
PageTables:        69880 kB
NFS_Unstable:          0 kB
Bounce:                0 kB
WritebackTmp:          0 kB
CommitLimit:    17498060 kB
Committed_AS:   22880172 kB
VmallocTotal:   34359738367 kB
VmallocUsed:       57336 kB
VmallocChunk:          0 kB
Percpu:             8672 kB
HardwareCorrupted:     0 kB
AnonHugePages:         0 kB
ShmemHugePages:        0 kB
ShmemPmdMapped:        0 kB
FileHugePages:         0 kB
FilePmdMapped:         0 kB
HugePages_Total:       0
HugePages_Free:        0
HugePages_Rsvd:        0
HugePages_Surp:        0
Hugepagesize:       2048 kB
Hugetlb:               0 kB
DirectMap4k:     1914364 kB
DirectMap2M:     1996800 kB

/sys/kernel/mm/transparent_hugepage/enabled:
always [madvise] never
/sys/kernel/mm/transparent_hugepage/defrag (defrag/compaction efforts parameter):
always defer defer+madvise [madvise] never

Process Memory:
Virtual Size: 4578652K (peak: 12328684K)
Resident Set Size: 103848K (peak: 113088K) (anon: 86688K, file: 17160K, shmem: 0K)
Swapped out: 0K
C-Heap outstanding allocations: 8775K

/proc/sys/kernel/threads-max (system-wide limit on the number of threads):
28808
/proc/sys/vm/max_map_count (maximum number of memory map areas a process may have):
65530
/proc/sys/kernel/pid_max (system-wide limit on number of process identifiers):
4194304

container (cgroup) information:
container_type: cgroupv1
cpu_cpuset_cpus: 0-3
cpu_memory_nodes: 0
active_processor_count: 4
cpu_quota: -1
cpu_period: 100000
cpu_shares: -1
memory_limit_in_bytes: -1
memory_and_swap_limit_in_bytes: -1
memory_soft_limit_in_bytes: -1
memory_usage_in_bytes: 2942550016
memory_max_usage_in_bytes: 3414257664

Steal ticks since vm start: 0
Steal ticks percentage since vm start:  0.000

CPU:total 4 (initial active 4) (2 cores per cpu, 2 threads per core) family 6 model 58 stepping 9 microcode 0x21, cmov, cx8, fxsr, mmx, sse, sse2, sse3, ssse3, sse4.1, sse4.2, popcnt, avx, aes, clmul, erms, ht, tsc, tscinvbit, tscinv
CPU Model and flags from /proc/cpuinfo:
model name	: Intel(R) Core(TM) i7-3520M CPU @ 2.90GHz
flags		: fpu vme de pse tsc msr pae mce cx8 apic sep mtrr pge mca cmov pat pse36 clflush dts acpi mmx fxsr sse sse2 ss ht tm pbe syscall nx rdtscp lm constant_tsc arch_perfmon pebs bts rep_good nopl xtopology nonstop_tsc cpuid aperfmperf pni pclmulqdq dtes64 monitor ds_cpl vmx smx est tm2 ssse3 cx16 xtpr pdcm pcid sse4_1 sse4_2 x2apic popcnt tsc_deadline_timer aes xsave avx f16c rdrand lahf_lm cpuid_fault epb pti ssbd ibrs ibpb stibp tpr_shadow vnmi flexpriority ept vpid fsgsbase smep erms xsaveopt dtherm ida arat pln pts md_clear flush_l1d
Online cpus:
0-3
Offline cpus:
4-7
BIOS frequency limitation:
<Not Available>
Frequency switch latency (ns):
20000
Available cpu frequencies:
<Not Available>
Current governor:
ondemand
Core performance/turbo boost:
<Not Available>

Memory: 4k page, physical 3747748k(118628k free), swap 15624188k(11337988k free)

vm_info: OpenJDK 64-Bit Server VM (11.0.11+9-Ubuntu-0ubuntu2.20.04) for linux-amd64 JRE (11.0.11+9-Ubuntu-0ubuntu2.20.04), built on Apr 21 2021 09:15:32 by "unknown" with gcc 9.3.0

END.
